Microsoft HTML Help Compiler 4.74.8702

Compiling c:\Users\Adam\DOCUME~1\snnhelp_tmphhp\snnhelp.chm

GeneralInformation.html
licence.html
installation.html
folders.html
GettingStarted.html
CreatingNewStructure.html
LoadingSavingStructure.html
DetailsWindow.html
ContextMenuDetails.html
MembranePotential.html
BeforeSimulation.html
Initialization.html
initialization---simulation-preferences.html
initialization-data-source.html
initialization---input-coding.html
initialization---network-initialization.html
initialization---learning-rules.html
initialization---simulation.html
SimulationFromFile.html
ManualSimulation.html
PlotSpikes.html
GaussianReceptiveFields.html
InputFileGenerator.html
GenerateVHDLCode.html
Options.html
snnhelp.hhc
snnhelp.hhk
GeneralInformationb1.JPG
GettingStartedb1.JPG
CreatingNewStructureb1.JPG
CreatingNewStructureb2.JPG
DetailsWindowb1.JPG
ContextMenuDetailsb1.JPG
MembranePotentialb1.JPG
Initializationb1.JPG
initialization---simulation-preferencesb1.JPG
initialization-data-sourceb1.JPG
initialization---input-codingb1.JPG
initialization---network-initializationb1.JPG
initialization---learning-rulesb1.JPG
PlotSpikesb1.JPG
GaussianReceptiveFieldsb1.JPG
InputFileGeneratorb1.JPG
InputFileGeneratorb2.JPG
hm.css

Compile time: 0 minutes, 4 seconds
27	Topics
174	Local links
3	Internet links
17	Graphics


Created c:\Users\Adam\DOCUME~1\snnhelp_tmphhp\snnhelp.chm, 895,431 bytes
Compression decreased file by 285,396 bytes.
