Microsoft HTML Help Compiler 4.74.8702

Compiling c:\Users\Adam\DOCUME~1\snnhelp_tmphhp\snnhelp.chm

GeneralInformation.html
licence.html
installation.html
folders.html
GettingStarted.html
CreatingNewStructure.html
LoadingSavingStructure.html
DetailsWindow.html
ContextMenuDetails.html
MembranePotential.html
BeforeSimulation.html
Initialization.html
initialization---simulation-preferences.html
initialization-data-source.html
initialization---input-coding.html
initialization---network-initialization.html
initialization---learning-rules.html
initialization---simulation.html
SimulationFromFile.html
ManualSimulation.html
PlotSpikes.html
GaussianReceptiveFields.html
InputFileGenerator.html
GenerateVHDLCode.html
Options.html
environment---general.html
environment---colours.html
environment---paths.html
environment---others.html
simulation---graphs.html
vhdl-code-generator.html
snnhelp.hhc
snnhelp.hhk
GeneralInformationb1.JPG
GettingStartedb1.JPG
CreatingNewStructureb1.JPG
CreatingNewStructureb2.JPG
DetailsWindowb1.JPG
ContextMenuDetailsb1.JPG
MembranePotentialb1.JPG
Initializationb1.JPG
initialization---simulation-preferencesb1.JPG
initialization---simulation-preferencesb2.PNG
initialization-data-sourceb1.JPG
initialization---input-codingb1.JPG
initialization---network-initializationb1.JPG
initialization---learning-rulesb1.JPG
initialization---simulationb1.JPG
ManualSimulationb1.JPG
ManualSimulationb2.JPG
ManualSimulationb3.JPG
PlotSpikesb1.JPG
GaussianReceptiveFieldsb1.JPG
InputFileGeneratorb1.JPG
InputFileGeneratorb2.JPG
environment---generalb1.JPG
environment---coloursb1.JPG
environment---pathsb1.JPG
environment---othersb1.JPG
simulation---graphsb1.JPG
vhdl-code-generatorb1.JPG
hm.css

Compile time: 0 minutes, 7 seconds
33	Topics
468	Local links
3	Internet links
28	Graphics


Created c:\Users\Adam\DOCUME~1\snnhelp_tmphhp\snnhelp.chm, 1,098,421 bytes
Compression decreased file by 422,763 bytes.
